Compiling the CXX compiler identification source file "CMakeCXXCompilerId.cpp" failed.
Compiler:  
Build flags: 
Id flags:  

The output was:
1
MSBuild version 17.4.1+9a89d02ff for .NET Framework
Build started 6/15/2023 6:17:06 PM.
Project "C:\AKHIIR\COBA LAGI\addictcloth\build\windows\CMakeFiles\3.24.202208181-MSVC_2\CompilerIdCXX\CompilerIdCXX.vcxproj" on node 1 (default targets).
PrepareForBuild:
  Creating directory "Debug\".
  Creating directory "Debug\CompilerIdCXX.tlog\".
InitializeBuildStatus:
  Creating "Debug\CompilerIdCXX.tlog\unsuccessfulbuild" because "AlwaysCreate" was specified.
ClCompile:
  C:\Program Files\Microsoft Visual Studio\2022\Community\VC\Tools\MSVC\14.34.31933\bin\HostX64\x64\CL.exe /c /nologo /W0 /WX- /diagnostics:column /Od /D _MBCS /Gm- /EHsc /RTC1 /MDd /GS /fp:precise /Zc:wchar_t /Zc:forScope /Zc:inline /Fo"Debug\\" /Fd"Debug\vc143.pdb" /external:W0 /Gd /TP /FC /errorReport:queue CMakeCXXCompilerId.cpp
  CMakeCXXCompilerId.cpp
c1xx : fatal  error C1083: Cannot open source file: 'CMakeCXXCompilerId.cpp': No such file or directory [C:\AKHIIR\COBA LAGI\addictcloth\build\windows\CMakeFiles\3.24.202208181-MSVC_2\CompilerIdCXX\CompilerIdCXX.vcxproj]
Done Building Project "C:\AKHIIR\COBA LAGI\addictcloth\build\windows\CMakeFiles\3.24.202208181-MSVC_2\CompilerIdCXX\CompilerIdCXX.vcxproj" (default targets) -- FAILED.

Build FAILED.

"C:\AKHIIR\COBA LAGI\addictcloth\build\windows\CMakeFiles\3.24.202208181-MSVC_2\CompilerIdCXX\CompilerIdCXX.vcxproj" (default target) (1) ->
(ClCompile target) -> 
  c1xx : fatal  error C1083: Cannot open source file: 'CMakeCXXCompilerId.cpp': No such file or directory [C:\AKHIIR\COBA LAGI\addictcloth\build\windows\CMakeFiles\3.24.202208181-MSVC_2\CompilerIdCXX\CompilerIdCXX.vcxproj]

    0 Warning(s)
    1 Error(s)

Time Elapsed 00:00:03.70


Compiling the CXX compiler identification source file "CMakeCXXCompilerId.cpp" failed.
Compiler:  
Build flags: 
Id flags:  

The output was:
1
MSBuild version 17.4.1+9a89d02ff for .NET Framework
Build started 6/15/2023 6:17:10 PM.
Project "C:\AKHIIR\COBA LAGI\addictcloth\build\windows\CMakeFiles\3.24.202208181-MSVC_2\CompilerIdCXX\CompilerIdCXX.vcxproj" on node 1 (default targets).
PrepareForBuild:
  Creating directory "Debug\".
  Creating directory "Debug\CompilerIdCXX.tlog\".
InitializeBuildStatus:
  Creating "Debug\CompilerIdCXX.tlog\unsuccessfulbuild" because "AlwaysCreate" was specified.
ClCompile:
  C:\Program Files\Microsoft Visual Studio\2022\Community\VC\Tools\MSVC\14.34.31933\bin\HostX64\x64\CL.exe /c /nologo /W0 /WX- /diagnostics:column /Od /D _MBCS /Gm- /EHsc /RTC1 /MDd /GS /fp:precise /Zc:wchar_t /Zc:forScope /Zc:inline /Fo"Debug\\" /Fd"Debug\vc143.pdb" /external:W0 /Gd /TP /FC /errorReport:queue CMakeCXXCompilerId.cpp
  CMakeCXXCompilerId.cpp
c1xx : fatal  error C1083: Cannot open source file: 'CMakeCXXCompilerId.cpp': No such file or directory [C:\AKHIIR\COBA LAGI\addictcloth\build\windows\CMakeFiles\3.24.202208181-MSVC_2\CompilerIdCXX\CompilerIdCXX.vcxproj]
Done Building Project "C:\AKHIIR\COBA LAGI\addictcloth\build\windows\CMakeFiles\3.24.202208181-MSVC_2\CompilerIdCXX\CompilerIdCXX.vcxproj" (default targets) -- FAILED.

Build FAILED.

"C:\AKHIIR\COBA LAGI\addictcloth\build\windows\CMakeFiles\3.24.202208181-MSVC_2\CompilerIdCXX\CompilerIdCXX.vcxproj" (default target) (1) ->
(ClCompile target) -> 
  c1xx : fatal  error C1083: Cannot open source file: 'CMakeCXXCompilerId.cpp': No such file or directory [C:\AKHIIR\COBA LAGI\addictcloth\build\windows\CMakeFiles\3.24.202208181-MSVC_2\CompilerIdCXX\CompilerIdCXX.vcxproj]

    0 Warning(s)
    1 Error(s)

Time Elapsed 00:00:00.79


Compiling the CXX compiler identification source file "CMakeCXXCompilerId.cpp" failed.
Compiler:  
Build flags: 
Id flags:  

The output was:
1
MSBuild version 17.4.1+9a89d02ff for .NET Framework
Build started 6/15/2023 6:17:11 PM.
Project "C:\AKHIIR\COBA LAGI\addictcloth\build\windows\CMakeFiles\3.24.202208181-MSVC_2\CompilerIdCXX\CompilerIdCXX.vcxproj" on node 1 (default targets).
PrepareForBuild:
  Creating directory "Debug\".
  Creating directory "Debug\CompilerIdCXX.tlog\".
InitializeBuildStatus:
  Creating "Debug\CompilerIdCXX.tlog\unsuccessfulbuild" because "AlwaysCreate" was specified.
ClCompile:
  C:\Program Files\Microsoft Visual Studio\2022\Community\VC\Tools\MSVC\14.34.31933\bin\HostX64\x64\CL.exe /c /nologo /W0 /WX- /diagnostics:column /Od /D _MBCS /Gm- /EHsc /RTC1 /MDd /GS /fp:precise /Zc:wchar_t /Zc:forScope /Zc:inline /Fo"Debug\\" /Fd"Debug\vc143.pdb" /external:W0 /Gd /TP /FC /errorReport:queue CMakeCXXCompilerId.cpp
  CMakeCXXCompilerId.cpp
c1xx : fatal  error C1083: Cannot open source file: 'CMakeCXXCompilerId.cpp': No such file or directory [C:\AKHIIR\COBA LAGI\addictcloth\build\windows\CMakeFiles\3.24.202208181-MSVC_2\CompilerIdCXX\CompilerIdCXX.vcxproj]
Done Building Project "C:\AKHIIR\COBA LAGI\addictcloth\build\windows\CMakeFiles\3.24.202208181-MSVC_2\CompilerIdCXX\CompilerIdCXX.vcxproj" (default targets) -- FAILED.

Build FAILED.

"C:\AKHIIR\COBA LAGI\addictcloth\build\windows\CMakeFiles\3.24.202208181-MSVC_2\CompilerIdCXX\CompilerIdCXX.vcxproj" (default target) (1) ->
(ClCompile target) -> 
  c1xx : fatal  error C1083: Cannot open source file: 'CMakeCXXCompilerId.cpp': No such file or directory [C:\AKHIIR\COBA LAGI\addictcloth\build\windows\CMakeFiles\3.24.202208181-MSVC_2\CompilerIdCXX\CompilerIdCXX.vcxproj]

    0 Warning(s)
    1 Error(s)

Time Elapsed 00:00:00.67


